<?xml version="1.0" encoding="UTF-8"?>
<!-- Generated by org.testng.reporters.JUnitReportReporter -->
<testsuite hostname="appiraj-5CG5070MKY" failures="0" tests="1" name="ReadExcelData.DDTCaseStudy" time="24.733" errors="0" timestamp="2025-07-28T12:56:31 IST" skipped="0">
  <testcase classname="ReadExcelData.DDTCaseStudy" name="locatorsTestingBlog" time="24.733"/>
</testsuite> <!-- ReadExcelData.DDTCaseStudy -->
