<?xml version="1.0" encoding="UTF-8"?>
<!-- Generated by org.testng.reporters.JUnitReportReporter -->
<testsuite hostname="appiraj-5CG5070MKY" failures="0" tests="1" name="HandlingScroll.TestScrollBy1" time="10.644" errors="0" timestamp="2025-07-28T14:54:02 IST" skipped="0">
  <testcase classname="HandlingScroll.TestScrollBy1" name="Test" time="10.644"/>
</testsuite> <!-- HandlingScroll.TestScrollBy1 -->
