<?xml version="1.0" encoding="UTF-8"?>
<!-- Generated by org.testng.reporters.JUnitReportReporter -->
<testsuite hostname="appiraj-5CG5070MKY" failures="0" tests="1" name="LocatorsDemo.DemoID" time="10.436" errors="0" timestamp="2025-07-25T12:19:09 IST" skipped="0">
  <testcase classname="LocatorsDemo.DemoID" name="DemoTestID" time="10.436"/>
</testsuite> <!-- LocatorsDemo.DemoID -->
