<?xml version="1.0" encoding="UTF-8"?>
<!-- Generated by org.testng.reporters.JUnitReportReporter -->
<testsuite hostname="appiraj-5CG5070MKY" failures="0" tests="1" name="LocatorsDemo.LinkTextandPartialLink" time="22.676" errors="0" timestamp="2025-07-25T15:06:41 IST" skipped="0">
  <testcase classname="LocatorsDemo.LinkTextandPartialLink" name="linkTest" time="22.676"/>
</testsuite> <!-- LocatorsDemo.LinkTextandPartialLink -->
