<?xml version="1.0" encoding="UTF-8"?>
<!-- Generated by org.testng.reporters.JUnitReportReporter -->
<testsuite hostname="appiraj-5CG5070MKY" failures="0" tests="1" name="LocatorsDemo.EasyCalculation" time="8.907" errors="0" timestamp="2025-07-25T12:58:10 IST" skipped="0">
  <testcase classname="LocatorsDemo.EasyCalculation" name="EasyCalculation" time="8.907"/>
</testsuite> <!-- LocatorsDemo.EasyCalculation -->
