<?xml version="1.0" encoding="UTF-8"?>
<!-- Generated by org.testng.reporters.JUnitReportReporter -->
<testsuite hostname="appiraj-5CG5070MKY" failures="0" tests="1" name="DropDownBoxes.Facebook" time="18.886" errors="0" timestamp="2025-07-25T15:33:40 IST" skipped="0">
  <testcase classname="DropDownBoxes.Facebook" name="Fblaunch" time="18.886"/>
</testsuite> <!-- DropDownBoxes.Facebook -->
