<?xml version="1.0" encoding="UTF-8"?>
<!-- Generated by org.testng.reporters.JUnitReportReporter -->
<testsuite hostname="appiraj-5CG5070MKY" failures="0" tests="1" name="HandlingAlerts.DemoAlerts" time="13.333" errors="0" timestamp="2025-07-25T17:17:55 IST" skipped="0">
  <testcase classname="HandlingAlerts.DemoAlerts" name="TestPopups" time="13.333"/>
</testsuite> <!-- HandlingAlerts.DemoAlerts -->
