<?xml version="1.0" encoding="UTF-8"?>
<!-- Generated by org.testng.reporters.JUnitReportReporter -->
<testsuite hostname="appiraj-5CG5070MKY" failures="0" tests="1" name="HandlingAlerts.AlertPopUps" time="18.215" errors="0" timestamp="2025-07-25T17:05:33 IST" skipped="0">
  <testcase classname="HandlingAlerts.AlertPopUps" name="TestPopups" time="18.215"/>
</testsuite> <!-- HandlingAlerts.AlertPopUps -->
